e:\experience\c++\设计模式\开闭原则\debug\vc120.pdb
e:\experience\c++\设计模式\开闭原则\debug\vc120.idb
e:\experience\c++\设计模式\开闭原则\debug\test.obj
e:\experience\c++\设计模式\debug\开闭原则.pdb
e:\experience\c++\设计模式\开闭原则\debug\开闭原则.tlog\cl.command.1.tlog
e:\experience\c++\设计模式\开闭原则\debug\开闭原则.tlog\cl.read.1.tlog
e:\experience\c++\设计模式\开闭原则\debug\开闭原则.tlog\cl.write.1.tlog
e:\experience\c++\设计模式\开闭原则\debug\开闭原则.tlog\link-cvtres.read.1.tlog
e:\experience\c++\设计模式\开闭原则\debug\开闭原则.tlog\link-cvtres.write.1.tlog
e:\experience\c++\设计模式\开闭原则\debug\开闭原则.tlog\link-rc.read.1.tlog
e:\experience\c++\设计模式\开闭原则\debug\开闭原则.tlog\link-rc.write.1.tlog
e:\experience\c++\设计模式\开闭原则\debug\开闭原则.tlog\link.10128-cvtres.read.1.tlog
e:\experience\c++\设计模式\开闭原则\debug\开闭原则.tlog\link.10128-cvtres.write.1.tlog
e:\experience\c++\设计模式\开闭原则\debug\开闭原则.tlog\link.10128-rc.read.1.tlog
e:\experience\c++\设计模式\开闭原则\debug\开闭原则.tlog\link.10128-rc.write.1.tlog
e:\experience\c++\设计模式\开闭原则\debug\开闭原则.tlog\link.10128.read.1.tlog
e:\experience\c++\设计模式\开闭原则\debug\开闭原则.tlog\link.10128.write.1.tlog
e:\experience\c++\设计模式\开闭原则\debug\开闭原则.tlog\link.command.1.tlog
e:\experience\c++\设计模式\开闭原则\debug\开闭原则.tlog\link.read.1.tlog
e:\experience\c++\设计模式\开闭原则\debug\开闭原则.tlog\link.write.1.tlog
